  [1m[35m (2.9ms)[0m  [1m[34mSELECT sqlite_version(*)[0m
  [1m[35m (0.1ms)[0m  [1m[34mSELECT sqlite_version(*)[0m
  [1m[35m (1.0ms)[0m  [1m[34mSELECT sqlite_version(*)[0m
  [1m[35m (1.3ms)[0m  [1m[35mCREATE TABLE "schema_migrations" ("version" varchar NOT NULL PRIMARY KEY)[0m
  [1m[35m (1.6ms)[0m  [1m[35mCREATE TABLE "ar_internal_metadata" ("key" varchar NOT NULL PRIMARY KEY, "value" varchar, "created_at" datetime(6) NOT NULL, "updated_at" datetime(6) NOT NULL)[0m
  [1m[36mActiveRecord::InternalMetadata Load (0.2ms)[0m  [1m[34mSELECT "ar_internal_metadata".* FROM "ar_internal_metadata" WHERE "ar_internal_metadata"."key" = ? LIMIT ?[0m  [["key", "environment"], ["LIMIT", 1]]
  [1m[36mTRANSACTION (0.1ms)[0m  [1m[36mbegin transaction[0m
  [1m[36mActiveRecord::InternalMetadata Create (0.6ms)[0m  [1m[32mINSERT INTO "ar_internal_metadata" ("key", "value", "created_at", "updated_at") VALUES (?, ?, ?, ?)[0m  [["key", "environment"], ["value", "development"], ["created_at", "2022-08-26 08:40:00.021125"], ["updated_at", "2022-08-26 08:40:00.021125"]]
  [1m[36mTRANSACTION (0.9ms)[0m  [1m[36mcommit transaction[0m
  [1m[35m (0.0ms)[0m  [1m[34mSELECT sqlite_version(*)[0m
  [1m[36mActiveRecord::SchemaMigration Pluck (0.1ms)[0m  [1m[34mSELECT "schema_migrations"."version" FROM "schema_migrations" ORDER BY "schema_migrations"."version" ASC[0m
Started GET "/" for ::1 at 2022-08-26 13:46:09 +0500
  [1m[35m (1.2ms)[0m  [1m[34mSELECT sqlite_version(*)[0m
  [1m[36mActiveRecord::SchemaMigration Pluck (0.5ms)[0m  [1m[34mSELECT "schema_migrations"."version" FROM "schema_migrations" ORDER BY "schema_migrations"."version" ASC[0m
Processing by Rails::WelcomeController#index as HTML
  Rendering /Users/muhammadahmed/.rvm/rubies/ruby-3.1.2/lib/ruby/gems/3.1.0/gems/railties-7.0.3.1/lib/rails/templates/rails/welcome/index.html.erb
  Rendered /Users/muhammadahmed/.rvm/rubies/ruby-3.1.2/lib/ruby/gems/3.1.0/gems/railties-7.0.3.1/lib/rails/templates/rails/welcome/index.html.erb (Duration: 3.2ms | Allocations: 657)
Completed 200 OK in 26ms (Views: 10.6ms | ActiveRecord: 0.0ms | Allocations: 4974)


Started GET "/get-beer/1" for ::1 at 2022-08-26 13:46:15 +0500
Processing by BeersController#get_beer as HTML
  Parameters: {"id"=>"1"}
Completed 500 Internal Server Error in 6ms (ActiveRecord: 0.0ms | Allocations: 4158)


  
NoMethodError (undefined method `hostname' for "https://api.punkapi.com/v2/beers/1":String

        start(uri.hostname, uri.port,
                 ^^^^^^^^^):
  
app/controllers/beers_controller.rb:8:in `get_beer'
Started GET "/favicon.ico" for ::1 at 2022-08-26 13:46:15 +0500
  
ActionController::RoutingError (No route matches [GET] "/favicon.ico"):
  
Started GET "/get-beer/1" for ::1 at 2022-08-26 13:47:40 +0500
Processing by BeersController#get_beer as HTML
  Parameters: {"id"=>"1"}
Completed 204 No Content in 1253ms (Allocations: 1649)


Started GET "/get-beer/1" for ::1 at 2022-08-26 13:48:17 +0500
Processing by BeersController#get_beer as HTML
  Parameters: {"id"=>"1"}
Completed 204 No Content in 47611ms (Allocations: 162067)


Started GET "/get-beer/1" for ::1 at 2022-08-26 13:49:21 +0500
Processing by BeersController#get_beer as HTML
  Parameters: {"id"=>"1"}
Completed 204 No Content in 3386ms (Allocations: 92989)


Started GET "/get-beer/1" for ::1 at 2022-08-26 13:50:21 +0500
Processing by BeersController#get_beer as HTML
  Parameters: {"id"=>"1"}
Completed 204 No Content in 2904ms (Allocations: 93581)


Started GET "/get-beer/1" for ::1 at 2022-08-26 13:50:42 +0500
Processing by BeersController#get_beer as HTML
  Parameters: {"id"=>"1"}
Completed 204 No Content in 891ms (Allocations: 1157)


Started GET "/get-beer/1" for ::1 at 2022-08-26 13:52:07 +0500
Processing by BeersController#get_beer as HTML
  Parameters: {"id"=>"1"}
Completed 500 Internal Server Error in 3ms (Allocations: 2223)


  
NameError (undefined local variable or method `id' for #<BeersController:0x0000000001ce30>

        uri = URI(BASE_URL+"/#{id}")
                               ^^):
  
app/controllers/beers_controller.rb:6:in `get_beer'
Started GET "/get-beer/1" for ::1 at 2022-08-26 13:52:19 +0500
Processing by BeersController#get_beer as HTML
  Parameters: {"id"=>"1"}
Completed 204 No Content in 605ms (Allocations: 1274)


Started GET "/get-beer/1" for ::1 at 2022-08-26 13:54:38 +0500
Processing by BeersController#get_beer as HTML
  Parameters: {"id"=>"1"}
Completed 200 OK in 1424ms (Views: 0.6ms | Allocations: 1389)


Started GET "/get-all-beers" for ::1 at 2022-08-26 14:26:55 +0500
Processing by BeersController#get_all_beers as HTML
Completed 200 OK in 602ms (Views: 0.8ms | Allocations: 1398)


Started GET "/get-all-beers" for ::1 at 2022-08-26 14:28:38 +0500
Processing by BeersController#get_all_beers as HTML
Completed 200 OK in 585ms (Views: 0.7ms | Allocations: 1380)


Started GET "/search-beer/Blonde" for ::1 at 2022-08-26 14:29:06 +0500
Processing by BeersController#search_beer as HTML
  Parameters: {"name"=>"Blonde"}
Completed 200 OK in 756ms (Views: 0.1ms | Allocations: 1191)


Started GET "/get-all-beers" for ::1 at 2022-08-26 14:40:24 +0500
  [1m[35m (1.5ms)[0m  [1m[34mSELECT sqlite_version(*)[0m
  [1m[36mActiveRecord::SchemaMigration Pluck (0.7ms)[0m  [1m[34mSELECT "schema_migrations"."version" FROM "schema_migrations" ORDER BY "schema_migrations"."version" ASC[0m
Processing by BeersController#get_all_beers as HTML
Completed 200 OK in 300093ms (Views: 0.5ms | ActiveRecord: 0.0ms | Allocations: 3515831)


Started GET "/get-all-beers" for ::1 at 2022-08-26 14:48:06 +0500
  [1m[35m (1.8ms)[0m  [1m[34mSELECT sqlite_version(*)[0m
  [1m[36mActiveRecord::SchemaMigration Pluck (0.6ms)[0m  [1m[34mSELECT "schema_migrations"."version" FROM "schema_migrations" ORDER BY "schema_migrations"."version" ASC[0m
Processing by BeersController#get_all_beers as HTML
Completed 500 Internal Server Error in 604ms (ActiveRecord: 0.0ms | Allocations: 6545)


  
NameError (undefined local variable or method `e' for #<BeersController:0x00000000008480>

        rescue e
               ^):
  
app/controllers/beers_controller.rb:25:in `rescue in get_all_beers'
app/controllers/beers_controller.rb:19:in `get_all_beers'
Started GET "/get-all-beers" for ::1 at 2022-08-26 14:48:29 +0500
Processing by BeersController#get_all_beers as HTML
Completed 204 No Content in 782ms (Allocations: 1392)


Started GET "/get-all-beers" for ::1 at 2022-08-26 14:49:45 +0500
Processing by BeersController#get_all_beers as HTML
Completed 204 No Content in 423ms (Allocations: 1374)


Started GET "/get-all-beers" for ::1 at 2022-08-26 14:50:24 +0500
  [1m[35m (1.5ms)[0m  [1m[34mSELECT sqlite_version(*)[0m
  [1m[36mActiveRecord::SchemaMigration Pluck (0.6ms)[0m  [1m[34mSELECT "schema_migrations"."version" FROM "schema_migrations" ORDER BY "schema_migrations"."version" ASC[0m
Processing by BeersController#get_all_beers as HTML
Completed 200 OK in 678ms (Views: 0.6ms | ActiveRecord: 0.0ms | Allocations: 4233)


Started GET "/get-all-beers" for ::1 at 2022-08-26 14:50:48 +0500
Processing by BeersController#get_all_beers as HTML
Completed 200 OK in 21611ms (Views: 0.4ms | Allocations: 383926)


Started GET "/get-all-beers" for ::1 at 2022-08-26 14:51:30 +0500
Processing by BeersController#get_all_beers as HTML
[active_model_serializers] Rendered ActiveModel::Serializer::CollectionSerializer with ActiveModelSerializers::Adapter::Attributes (6.94ms)
[active_model_serializers] Rendered ActiveModel::Serializer::Null with Hash (20.71ms)
Completed 200 OK in 17478ms (Views: 0.3ms | Allocations: 1388043)


Started GET "/get-all-beers" for ::1 at 2022-08-26 14:56:52 +0500
Processing by BeersController#get_all_beers as HTML
Completed 200 OK in 68331ms (Views: 0.6ms | Allocations: 1196997)


Started GET "/get-all-beers" for ::1 at 2022-08-26 14:58:06 +0500
Processing by BeersController#get_all_beers as HTML
Completed 200 OK in 75281ms (Views: 0.6ms | Allocations: 114505)


Started GET "/get-all-beers" for ::1 at 2022-08-26 14:59:25 +0500
Processing by BeersController#get_all_beers as HTML
Completed 200 OK in 9149ms (Views: 0.5ms | Allocations: 103741)


Started GET "/get-all-beers" for ::1 at 2022-08-26 15:00:19 +0500
Processing by BeersController#get_all_beers as HTML
Completed 200 OK in 2462ms (Views: 0.6ms | Allocations: 103870)


Started GET "/get-all-beers" for ::1 at 2022-08-26 15:00:59 +0500
Processing by BeersController#get_all_beers as HTML
[active_model_serializers] Rendered ActiveModel::Serializer::CollectionSerializer with ActiveModelSerializers::Adapter::Attributes (6.86ms)
[active_model_serializers] Rendered ActiveModel::Serializer::Null with Hash (8.47ms)
Completed 200 OK in 2051ms (Views: 0.3ms | Allocations: 112964)


Started GET "/get-all-beers" for ::1 at 2022-08-26 15:01:25 +0500
Processing by BeersController#get_all_beers as HTML
[active_model_serializers] Rendered ActiveModel::Serializer::CollectionSerializer with ActiveModelSerializers::Adapter::Attributes (5.42ms)
[active_model_serializers] Rendered ActiveModel::Serializer::Null with Hash (8.1ms)
Completed 200 OK in 126776ms (Views: 0.3ms | Allocations: 1354397)


Started GET "/get-all-beers" for ::1 at 2022-08-26 15:03:34 +0500
Processing by BeersController#get_all_beers as HTML
[active_model_serializers] Rendered ActiveModel::Serializer::CollectionSerializer with ActiveModelSerializers::Adapter::Attributes (4.42ms)
[active_model_serializers] Rendered ActiveModel::Serializer::Null with Hash (6.26ms)
Completed 200 OK in 11295ms (Views: 0.3ms | Allocations: 120060)


Started GET "/get-all-beers" for ::1 at 2022-08-26 15:04:15 +0500
Processing by BeersController#get_all_beers as HTML
[active_model_serializers] Rendered ActiveModel::Serializer::CollectionSerializer with ActiveModelSerializers::Adapter::Attributes (4.34ms)
[active_model_serializers] Rendered ActiveModel::Serializer::Null with Hash (5.97ms)
Completed 200 OK in 2176ms (Views: 0.3ms | Allocations: 113027)


Started GET "/get-all-beers" for ::1 at 2022-08-26 15:05:03 +0500
Processing by BeersController#get_all_beers as HTML
  [1m[35m (0.2ms)[0m  [1m[34mSELECT sqlite_version(*)[0m
  ↳ app/controllers/beers_controller.rb:23:in `block in get_all_beers'
Completed 200 OK in 1455ms (Views: 0.8ms | ActiveRecord: 0.8ms | Allocations: 4803)


Started GET "/get-all-beers" for ::1 at 2022-08-26 15:05:36 +0500
Processing by BeersController#get_all_beers as HTML
Completed 200 OK in 601ms (Views: 0.4ms | Allocations: 6023)


Started GET "/get-all-beers" for ::1 at 2022-08-26 15:06:04 +0500
Processing by BeersController#get_all_beers as HTML
[active_model_serializers] Rendered ActiveModel::Serializer::CollectionSerializer with ActiveModelSerializers::Adapter::Attributes (8.61ms)
Completed 200 OK in 413ms (Views: 0.4ms | Allocations: 10930)


Started GET "/get-all-beers" for ::1 at 2022-08-26 15:06:28 +0500
Processing by BeersController#get_all_beers as HTML
[active_model_serializers] Rendered ActiveModel::Serializer::Null with Hash (1.4ms)
Completed 200 OK in 547ms (Views: 2.2ms | Allocations: 4698)


Started GET "/get-beer/1" for ::1 at 2022-08-26 15:07:30 +0500
Processing by BeersController#get_beer as HTML
  Parameters: {"id"=>"1"}
[active_model_serializers] Rendered ActiveModel::Serializer::Null with Hash (0.23ms)
Completed 200 OK in 956ms (Views: 2.1ms | Allocations: 1882)


Started GET "/search-beer/Blonde" for ::1 at 2022-08-26 15:07:37 +0500
Processing by BeersController#search_beer as HTML
  Parameters: {"name"=>"Blonde"}
[active_model_serializers] Rendered ActiveModel::Serializer::Null with Hash (0.23ms)
Completed 200 OK in 972ms (Views: 2.7ms | Allocations: 1715)


Started GET "/get-beer/1" for ::1 at 2022-08-26 15:39:13 +0500
  [1m[35m (1.5ms)[0m  [1m[34mSELECT sqlite_version(*)[0m
  [1m[36mActiveRecord::SchemaMigration Pluck (0.5ms)[0m  [1m[34mSELECT "schema_migrations"."version" FROM "schema_migrations" ORDER BY "schema_migrations"."version" ASC[0m
Processing by BeersController#get_beer as HTML
  Parameters: {"id"=>"1"}
Completed 200 OK in 872ms (Views: 0.6ms | ActiveRecord: 0.0ms | Allocations: 4201)


Started GET "/get-all-beers" for ::1 at 2022-08-26 15:39:26 +0500
Processing by BeersController#get_all_beers as HTML
Completed 200 OK in 513ms (Views: 1.5ms | ActiveRecord: 0.0ms | Allocations: 4196)


Started GET "/search-beer" for ::1 at 2022-08-26 15:39:39 +0500
  
ActionController::RoutingError (No route matches [GET] "/search-beer"):
  
Started GET "/search-beer/Blonde" for ::1 at 2022-08-26 15:39:42 +0500
Processing by BeersController#search_beer as HTML
  Parameters: {"name"=>"Blonde"}
Completed 200 OK in 585ms (Views: 0.8ms | ActiveRecord: 0.0ms | Allocations: 1740)


